<?xml version="1.0" encoding="UTF-8"?>
<testng-results ignored="0" total="2" passed="2" failed="0" skipped="0">
  <reporter-output>
  </reporter-output>
  <suite started-at="2025-08-02T11:23:00 IST" name="Suite" finished-at="2025-08-02T11:23:06 IST" duration-ms="6510">
    <groups>
      <group name="regression">
        <method signature="Firstcode.id()[pri:1, instance:testngDemo.Firstcode@7d8995e]" name="id" class="testngDemo.Firstcode"/>
        <method signature="Firstcode.title()[pri:2, instance:testngDemo.Firstcode@7d8995e]" name="title" class="testngDemo.Firstcode"/>
      </group> <!-- regression -->
      <group name="sanity">
        <method signature="Firstcode.id()[pri:1, instance:testngDemo.Firstcode@7d8995e]" name="id" class="testngDemo.Firstcode"/>
        <method signature="Firstcode.title()[pri:2, instance:testngDemo.Firstcode@7d8995e]" name="title" class="testngDemo.Firstcode"/>
      </group> <!-- sanity -->
    </groups>
    <test started-at="2025-08-02T11:23:00 IST" name="Test" finished-at="2025-08-02T11:23:06 IST" duration-ms="6510">
      <class name="testngDemo.Firstcode">
        <test-method is-config="true" signature="login()[pri:0, instance:testngDemo.Firstcode@7d8995e]" started-at="2025-08-02T11:23:00 IST" name="login" finished-at="2025-08-02T11:23:04 IST" duration-ms="4532" status="PASS">
          <reporter-output>
          </reporter-output>
        </test-method> <!-- login -->
        <test-method signature="id()[pri:1, instance:testngDemo.Firstcode@7d8995e]" started-at="2025-08-02T11:23:04 IST" name="id" finished-at="2025-08-02T11:23:05 IST" duration-ms="782" status="PASS">
          <reporter-output>
          </reporter-output>
        </test-method> <!-- id -->
        <test-method signature="title()[pri:2, instance:testngDemo.Firstcode@7d8995e]" started-at="2025-08-02T11:23:05 IST" name="title" finished-at="2025-08-02T11:23:06 IST" duration-ms="1073" status="PASS">
          <reporter-output>
          </reporter-output>
        </test-method> <!-- title -->
        <test-method is-config="true" signature="close()[pri:0, instance:testngDemo.Firstcode@7d8995e]" started-at="2025-08-02T11:23:06 IST" name="close" finished-at="2025-08-02T11:23:06 IST" duration-ms="91" status="PASS">
          <reporter-output>
          </reporter-output>
        </test-method> <!-- close -->
      </class> <!-- testngDemo.Firstcode -->
    </test> <!-- Test -->
  </suite> <!-- Suite -->
</testng-results>
